2017-04-02 13:45:56.391  INFO 1630 --- [main] com.gazatem.ekip.Application             : Starting Application on Z0M5Q-iMac.local with PID 1630 (/Users/kemal/Documents/JAVA/apps/ekip/target/classes started by kemal in /Users/kemal/Documents/JAVA/apps/ekip)
2017-04-02 13:45:56.395  INFO 1630 --- [main] com.gazatem.ekip.Application             : No active profile set, falling back to default profiles: default
2017-04-02 13:45:56.856  INFO 1630 --- [main] ationConfigEmbeddedWebApplicationContext : Refreshing org.springframework.boot.context.embedded.AnnotationConfigEmbeddedWebApplicationContext@dd8ba08: startup date [Sun Apr 02 13:45:56 EEST 2017]; root of context hierarchy
2017-04-02 13:45:58.555  INFO 1630 --- [main] trationDelegate$BeanPostProcessorChecker : Bean 'org.springframework.transaction.annotation.ProxyTransactionManagementConfiguration' of type [class org.springframework.transaction.annotation.ProxyTransactionManagementConfiguration$$EnhancerBySpringCGLIB$$1491cc9] is not eligible for getting processed by all BeanPostProcessors (for example: not eligible for auto-proxying)
2017-04-02 13:45:59.125  INFO 1630 --- [main] s.b.c.e.t.TomcatEmbeddedServletContainer : Tomcat initialized with port(s): 8080 (http)
2017-04-02 13:45:59.141  INFO 1630 --- [main] o.apache.catalina.core.StandardService   : Starting service Tomcat
2017-04-02 13:45:59.142  INFO 1630 --- [main] org.apache.catalina.core.StandardEngine  : Starting Servlet Engine: Apache Tomcat/8.5.6
2017-04-02 13:45:59.265  INFO 1630 --- [localhost-startStop-1] o.a.c.c.C.[Tomcat].[localhost].[/]       : Initializing Spring embedded WebApplicationContext
2017-04-02 13:45:59.265  INFO 1630 --- [localhost-startStop-1] o.s.web.context.ContextLoader            : Root WebApplicationContext: initialization completed in 2413 ms
2017-04-02 13:45:59.472  INFO 1630 --- [localhost-startStop-1] o.s.b.w.servlet.FilterRegistrationBean   : Mapping filter: 'characterEncodingFilter' to: [/*]
2017-04-02 13:45:59.473  INFO 1630 --- [localhost-startStop-1] o.s.b.w.servlet.FilterRegistrationBean   : Mapping filter: 'hiddenHttpMethodFilter' to: [/*]
2017-04-02 13:45:59.473  INFO 1630 --- [localhost-startStop-1] o.s.b.w.servlet.FilterRegistrationBean   : Mapping filter: 'httpPutFormContentFilter' to: [/*]
2017-04-02 13:45:59.473  INFO 1630 --- [localhost-startStop-1] o.s.b.w.servlet.FilterRegistrationBean   : Mapping filter: 'requestContextFilter' to: [/*]
2017-04-02 13:45:59.475  INFO 1630 --- [localhost-startStop-1] .s.DelegatingFilterProxyRegistrationBean : Mapping filter: 'springSecurityFilterChain' to: [/*]
2017-04-02 13:45:59.475  INFO 1630 --- [localhost-startStop-1] o.s.b.w.servlet.ServletRegistrationBean  : Mapping servlet: 'dispatcherServlet' to [/]
2017-04-02 13:45:59.780  INFO 1630 --- [main] j.LocalContainerEntityManagerFactoryBean : Building JPA container EntityManagerFactory for persistence unit 'default'
2017-04-02 13:46:01.834  INFO 1630 --- [main] j.LocalContainerEntityManagerFactoryBean : Initialized JPA EntityManagerFactory for persistence unit 'default'
2017-04-02 13:46:02.700  INFO 1630 --- [main] o.s.s.web.DefaultSecurityFilterChain     : Creating filter chain: Ant [pattern='/resources/**'], []
2017-04-02 13:46:02.701  INFO 1630 --- [main] o.s.s.web.DefaultSecurityFilterChain     : Creating filter chain: Ant [pattern='/static/**'], []
2017-04-02 13:46:02.701  INFO 1630 --- [main] o.s.s.web.DefaultSecurityFilterChain     : Creating filter chain: Ant [pattern='/vendors/**'], []
2017-04-02 13:46:02.701  INFO 1630 --- [main] o.s.s.web.DefaultSecurityFilterChain     : Creating filter chain: Ant [pattern='/css/**'], []
2017-04-02 13:46:02.701  INFO 1630 --- [main] o.s.s.web.DefaultSecurityFilterChain     : Creating filter chain: Ant [pattern='/js/**'], []
2017-04-02 13:46:02.701  INFO 1630 --- [main] o.s.s.web.DefaultSecurityFilterChain     : Creating filter chain: Ant [pattern='/images/**'], []
2017-04-02 13:46:02.784  INFO 1630 --- [main] o.s.s.web.DefaultSecurityFilterChain     : Creating filter chain: org.springframework.security.web.util.matcher.AnyRequestMatcher@1, [org.springframework.security.web.context.request.async.WebAsyncManagerIntegrationFilter@61554b6b, org.springframework.security.web.context.SecurityContextPersistenceFilter@9e50283, org.springframework.security.web.header.HeaderWriterFilter@6f7a20da, org.springframework.security.web.authentication.logout.LogoutFilter@2d07aacc, org.springframework.security.web.authentication.UsernamePasswordAuthenticationFilter@362a6aa5, org.springframework.security.web.savedrequest.RequestCacheAwareFilter@1c171746, org.springframework.security.web.servletapi.SecurityContextHolderAwareRequestFilter@685e6a68, org.springframework.security.web.authentication.AnonymousAuthenticationFilter@761f234c, org.springframework.security.web.session.SessionManagementFilter@77ba583, org.springframework.security.web.access.ExceptionTranslationFilter@6253e59a, org.springframework.security.web.access.intercept.FilterSecurityInterceptor@20890a1a]
2017-04-02 13:46:02.919  INFO 1630 --- [main] s.w.s.m.m.a.RequestMappingHandlerAdapter : Looking for @ControllerAdvice: org.springframework.boot.context.embedded.AnnotationConfigEmbeddedWebApplicationContext@dd8ba08: startup date [Sun Apr 02 13:45:56 EEST 2017]; root of context hierarchy
2017-04-02 13:46:03.039  INFO 1630 --- [main] s.w.s.m.m.a.RequestMappingHandlerMapping : Mapped "{[/admin/],methods=[GET]}" onto public org.springframework.web.servlet.ModelAndView com.gazatem.ekip.controller.AdminController.home()
2017-04-02 13:46:03.040  INFO 1630 --- [main] s.w.s.m.m.a.RequestMappingHandlerMapping : Mapped "{[/ || /login],methods=[GET]}" onto public org.springframework.web.servlet.ModelAndView com.gazatem.ekip.controller.LoginController.login()
2017-04-02 13:46:03.041  INFO 1630 --- [main] s.w.s.m.m.a.RequestMappingHandlerMapping : Mapped "{[/registration],methods=[POST]}" onto public org.springframework.web.servlet.ModelAndView com.gazatem.ekip.controller.LoginController.createNewUser(com.gazatem.ekip.model.User,org.springframework.validation.BindingResult)
2017-04-02 13:46:03.042  INFO 1630 --- [main] s.w.s.m.m.a.RequestMappingHandlerMapping : Mapped "{[/registration],methods=[GET]}" onto public org.springframework.web.servlet.ModelAndView com.gazatem.ekip.controller.LoginController.registration()
2017-04-02 13:46:03.042  INFO 1630 --- [main] s.w.s.m.m.a.RequestMappingHandlerMapping : Mapped "{[/admin/tasks/my-tasks],methods=[GET]}" onto public org.springframework.web.servlet.ModelAndView com.gazatem.ekip.controller.TaskController.index()
2017-04-02 13:46:03.043  INFO 1630 --- [main] s.w.s.m.m.a.RequestMappingHandlerMapping : Mapped "{[/admin/users/list],methods=[GET]}" onto public org.springframework.web.servlet.ModelAndView com.gazatem.ekip.controller.UserController.index()
2017-04-02 13:46:03.043  INFO 1630 --- [main] s.w.s.m.m.a.RequestMappingHandlerMapping : Mapped "{[/admin/users/create],methods=[GET]}" onto public org.springframework.web.servlet.ModelAndView com.gazatem.ekip.controller.UserController.create()
2017-04-02 13:46:03.043  INFO 1630 --- [main] s.w.s.m.m.a.RequestMappingHandlerMapping : Mapped "{[/admin/users/save],methods=[POST]}" onto public org.springframework.web.servlet.ModelAndView com.gazatem.ekip.controller.UserController.save(com.gazatem.ekip.model.User,org.springframework.validation.BindingResult)
2017-04-02 13:46:03.043  INFO 1630 --- [main] s.w.s.m.m.a.RequestMappingHandlerMapping : Mapped "{[/admin/users/teams],methods=[GET]}" onto public org.springframework.web.servlet.ModelAndView com.gazatem.ekip.controller.UserController.teams()
2017-04-02 13:46:03.046  INFO 1630 --- [main] s.w.s.m.m.a.RequestMappingHandlerMapping : Mapped "{[/error]}" onto public org.springframework.http.ResponseEntity<java.util.Map<java.lang.String, java.lang.Object>> org.springframework.boot.autoconfigure.web.BasicErrorController.error(javax.servlet.http.HttpServletRequest)
2017-04-02 13:46:03.047  INFO 1630 --- [main] s.w.s.m.m.a.RequestMappingHandlerMapping : Mapped "{[/error],produces=[text/html]}" onto public org.springframework.web.servlet.ModelAndView org.springframework.boot.autoconfigure.web.BasicErrorController.errorHtml(javax.servlet.http.HttpServletRequest,javax.servlet.http.HttpServletResponse)
2017-04-02 13:46:03.086  INFO 1630 --- [main] o.s.w.s.handler.SimpleUrlHandlerMapping  : Mapped URL path [/webjars/**] onto handler of type [class org.springframework.web.servlet.resource.ResourceHttpRequestHandler]
2017-04-02 13:46:03.087  INFO 1630 --- [main] o.s.w.s.handler.SimpleUrlHandlerMapping  : Mapped URL path [/**] onto handler of type [class org.springframework.web.servlet.resource.ResourceHttpRequestHandler]
2017-04-02 13:46:03.133  INFO 1630 --- [main] o.s.w.s.handler.SimpleUrlHandlerMapping  : Mapped URL path [/**/favicon.ico] onto handler of type [class org.springframework.web.servlet.resource.ResourceHttpRequestHandler]
2017-04-02 13:46:03.970  INFO 1630 --- [main] o.s.j.e.a.AnnotationMBeanExporter        : Registering beans for JMX exposure on startup
2017-04-02 13:46:04.037  INFO 1630 --- [main] s.b.c.e.t.TomcatEmbeddedServletContainer : Tomcat started on port(s): 8080 (http)
2017-04-02 13:46:04.042  INFO 1630 --- [main] com.gazatem.ekip.Application             : Started Application in 8.453 seconds (JVM running for 8.978)
2017-04-02 13:46:08.547  INFO 1630 --- [http-nio-8080-exec-1] o.a.c.c.C.[Tomcat].[localhost].[/]       : Initializing Spring FrameworkServlet 'dispatcherServlet'
2017-04-02 13:46:08.548  INFO 1630 --- [http-nio-8080-exec-1] o.s.web.servlet.DispatcherServlet        : FrameworkServlet 'dispatcherServlet': initialization started
2017-04-02 13:46:08.565  INFO 1630 --- [http-nio-8080-exec-1] o.s.web.servlet.DispatcherServlet        : FrameworkServlet 'dispatcherServlet': initialization completed in 17 ms
2017-04-02 13:46:40.552  INFO 1630 --- [http-nio-8080-exec-6] c.g.ekip.controller.UserController       : This is a debug message
2017-04-02 13:47:00.488  INFO 1630 --- [Thread-3] ationConfigEmbeddedWebApplicationContext : Closing org.springframework.boot.context.embedded.AnnotationConfigEmbeddedWebApplicationContext@dd8ba08: startup date [Sun Apr 02 13:45:56 EEST 2017]; root of context hierarchy
2017-04-02 13:47:00.490  INFO 1630 --- [Thread-3] o.s.j.e.a.AnnotationMBeanExporter        : Unregistering JMX-exposed beans on shutdown
2017-04-02 13:47:00.492  INFO 1630 --- [Thread-3] j.LocalContainerEntityManagerFactoryBean : Closing JPA EntityManagerFactory for persistence unit 'default'
2017-04-02 13:47:03.791  INFO 1662 --- [main] com.gazatem.ekip.Application             : Starting Application on Z0M5Q-iMac.local with PID 1662 (/Users/kemal/Documents/JAVA/apps/ekip/target/classes started by kemal in /Users/kemal/Documents/JAVA/apps/ekip)
2017-04-02 13:47:03.794  INFO 1662 --- [main] com.gazatem.ekip.Application             : No active profile set, falling back to default profiles: default
2017-04-02 13:47:04.442  INFO 1662 --- [main] ationConfigEmbeddedWebApplicationContext : Refreshing org.springframework.boot.context.embedded.AnnotationConfigEmbeddedWebApplicationContext@dd8ba08: startup date [Sun Apr 02 13:47:04 EEST 2017]; root of context hierarchy
2017-04-02 13:47:06.310  INFO 1662 --- [main] trationDelegate$BeanPostProcessorChecker : Bean 'org.springframework.transaction.annotation.ProxyTransactionManagementConfiguration' of type [class org.springframework.transaction.annotation.ProxyTransactionManagementConfiguration$$EnhancerBySpringCGLIB$$1491cc9] is not eligible for getting processed by all BeanPostProcessors (for example: not eligible for auto-proxying)
2017-04-02 13:47:06.904  INFO 1662 --- [main] s.b.c.e.t.TomcatEmbeddedServletContainer : Tomcat initialized with port(s): 8080 (http)
2017-04-02 13:47:06.920  INFO 1662 --- [main] o.apache.catalina.core.StandardService   : Starting service Tomcat
2017-04-02 13:47:06.922  INFO 1662 --- [main] org.apache.catalina.core.StandardEngine  : Starting Servlet Engine: Apache Tomcat/8.5.6
2017-04-02 13:47:07.038  INFO 1662 --- [localhost-startStop-1] o.a.c.c.C.[Tomcat].[localhost].[/]       : Initializing Spring embedded WebApplicationContext
2017-04-02 13:47:07.039  INFO 1662 --- [localhost-startStop-1] o.s.web.context.ContextLoader            : Root WebApplicationContext: initialization completed in 2602 ms
2017-04-02 13:47:07.256  INFO 1662 --- [localhost-startStop-1] o.s.b.w.servlet.FilterRegistrationBean   : Mapping filter: 'characterEncodingFilter' to: [/*]
2017-04-02 13:47:07.257  INFO 1662 --- [localhost-startStop-1] o.s.b.w.servlet.FilterRegistrationBean   : Mapping filter: 'hiddenHttpMethodFilter' to: [/*]
2017-04-02 13:47:07.257  INFO 1662 --- [localhost-startStop-1] o.s.b.w.servlet.FilterRegistrationBean   : Mapping filter: 'httpPutFormContentFilter' to: [/*]
2017-04-02 13:47:07.257  INFO 1662 --- [localhost-startStop-1] o.s.b.w.servlet.FilterRegistrationBean   : Mapping filter: 'requestContextFilter' to: [/*]
2017-04-02 13:47:07.259  INFO 1662 --- [localhost-startStop-1] .s.DelegatingFilterProxyRegistrationBean : Mapping filter: 'springSecurityFilterChain' to: [/*]
2017-04-02 13:47:07.259  INFO 1662 --- [localhost-startStop-1] o.s.b.w.servlet.ServletRegistrationBean  : Mapping servlet: 'dispatcherServlet' to [/]
2017-04-02 13:47:07.559  INFO 1662 --- [main] j.LocalContainerEntityManagerFactoryBean : Building JPA container EntityManagerFactory for persistence unit 'default'
2017-04-02 13:47:09.679  INFO 1662 --- [main] j.LocalContainerEntityManagerFactoryBean : Initialized JPA EntityManagerFactory for persistence unit 'default'
2017-04-02 13:47:10.608  INFO 1662 --- [main] o.s.s.web.DefaultSecurityFilterChain     : Creating filter chain: Ant [pattern='/resources/**'], []
2017-04-02 13:47:10.608  INFO 1662 --- [main] o.s.s.web.DefaultSecurityFilterChain     : Creating filter chain: Ant [pattern='/static/**'], []
2017-04-02 13:47:10.608  INFO 1662 --- [main] o.s.s.web.DefaultSecurityFilterChain     : Creating filter chain: Ant [pattern='/vendors/**'], []
2017-04-02 13:47:10.608  INFO 1662 --- [main] o.s.s.web.DefaultSecurityFilterChain     : Creating filter chain: Ant [pattern='/css/**'], []
2017-04-02 13:47:10.608  INFO 1662 --- [main] o.s.s.web.DefaultSecurityFilterChain     : Creating filter chain: Ant [pattern='/js/**'], []
2017-04-02 13:47:10.609  INFO 1662 --- [main] o.s.s.web.DefaultSecurityFilterChain     : Creating filter chain: Ant [pattern='/images/**'], []
2017-04-02 13:47:10.697  INFO 1662 --- [main] o.s.s.web.DefaultSecurityFilterChain     : Creating filter chain: org.springframework.security.web.util.matcher.AnyRequestMatcher@1, [org.springframework.security.web.context.request.async.WebAsyncManagerIntegrationFilter@61554b6b, org.springframework.security.web.context.SecurityContextPersistenceFilter@9e50283, org.springframework.security.web.header.HeaderWriterFilter@6f7a20da, org.springframework.security.web.authentication.logout.LogoutFilter@2d07aacc, org.springframework.security.web.authentication.UsernamePasswordAuthenticationFilter@362a6aa5, org.springframework.security.web.savedrequest.RequestCacheAwareFilter@1c171746, org.springframework.security.web.servletapi.SecurityContextHolderAwareRequestFilter@685e6a68, org.springframework.security.web.authentication.AnonymousAuthenticationFilter@761f234c, org.springframework.security.web.session.SessionManagementFilter@77ba583, org.springframework.security.web.access.ExceptionTranslationFilter@6253e59a, org.springframework.security.web.access.intercept.FilterSecurityInterceptor@20890a1a]
2017-04-02 13:47:10.851  INFO 1662 --- [main] s.w.s.m.m.a.RequestMappingHandlerAdapter : Looking for @ControllerAdvice: org.springframework.boot.context.embedded.AnnotationConfigEmbeddedWebApplicationContext@dd8ba08: startup date [Sun Apr 02 13:47:04 EEST 2017]; root of context hierarchy
2017-04-02 13:47:10.999  INFO 1662 --- [main] s.w.s.m.m.a.RequestMappingHandlerMapping : Mapped "{[/admin/],methods=[GET]}" onto public org.springframework.web.servlet.ModelAndView com.gazatem.ekip.controller.AdminController.home()
2017-04-02 13:47:11.001  INFO 1662 --- [main] s.w.s.m.m.a.RequestMappingHandlerMapping : Mapped "{[/registration],methods=[POST]}" onto public org.springframework.web.servlet.ModelAndView com.gazatem.ekip.controller.LoginController.createNewUser(com.gazatem.ekip.model.User,org.springframework.validation.BindingResult)
2017-04-02 13:47:11.002  INFO 1662 --- [main] s.w.s.m.m.a.RequestMappingHandlerMapping : Mapped "{[/registration],methods=[GET]}" onto public org.springframework.web.servlet.ModelAndView com.gazatem.ekip.controller.LoginController.registration()
2017-04-02 13:47:11.002  INFO 1662 --- [main] s.w.s.m.m.a.RequestMappingHandlerMapping : Mapped "{[/ || /login],methods=[GET]}" onto public org.springframework.web.servlet.ModelAndView com.gazatem.ekip.controller.LoginController.login()
2017-04-02 13:47:11.002  INFO 1662 --- [main] s.w.s.m.m.a.RequestMappingHandlerMapping : Mapped "{[/admin/tasks/my-tasks],methods=[GET]}" onto public org.springframework.web.servlet.ModelAndView com.gazatem.ekip.controller.TaskController.index()
2017-04-02 13:47:11.003  INFO 1662 --- [main] s.w.s.m.m.a.RequestMappingHandlerMapping : Mapped "{[/admin/users/list],methods=[GET]}" onto public org.springframework.web.servlet.ModelAndView com.gazatem.ekip.controller.UserController.index()
2017-04-02 13:47:11.003  INFO 1662 --- [main] s.w.s.m.m.a.RequestMappingHandlerMapping : Mapped "{[/admin/users/create],methods=[GET]}" onto public org.springframework.web.servlet.ModelAndView com.gazatem.ekip.controller.UserController.create()
2017-04-02 13:47:11.003  INFO 1662 --- [main] s.w.s.m.m.a.RequestMappingHandlerMapping : Mapped "{[/admin/users/save],methods=[POST]}" onto public org.springframework.web.servlet.ModelAndView com.gazatem.ekip.controller.UserController.save(com.gazatem.ekip.model.User,org.springframework.validation.BindingResult)
2017-04-02 13:47:11.004  INFO 1662 --- [main] s.w.s.m.m.a.RequestMappingHandlerMapping : Mapped "{[/admin/users/teams],methods=[GET]}" onto public org.springframework.web.servlet.ModelAndView com.gazatem.ekip.controller.UserController.teams()
2017-04-02 13:47:11.007  INFO 1662 --- [main] s.w.s.m.m.a.RequestMappingHandlerMapping : Mapped "{[/error]}" onto public org.springframework.http.ResponseEntity<java.util.Map<java.lang.String, java.lang.Object>> org.springframework.boot.autoconfigure.web.BasicErrorController.error(javax.servlet.http.HttpServletRequest)
2017-04-02 13:47:11.008  INFO 1662 --- [main] s.w.s.m.m.a.RequestMappingHandlerMapping : Mapped "{[/error],produces=[text/html]}" onto public org.springframework.web.servlet.ModelAndView org.springframework.boot.autoconfigure.web.BasicErrorController.errorHtml(javax.servlet.http.HttpServletRequest,javax.servlet.http.HttpServletResponse)
2017-04-02 13:47:11.045  INFO 1662 --- [main] o.s.w.s.handler.SimpleUrlHandlerMapping  : Mapped URL path [/webjars/**] onto handler of type [class org.springframework.web.servlet.resource.ResourceHttpRequestHandler]
2017-04-02 13:47:11.045  INFO 1662 --- [main] o.s.w.s.handler.SimpleUrlHandlerMapping  : Mapped URL path [/**] onto handler of type [class org.springframework.web.servlet.resource.ResourceHttpRequestHandler]
2017-04-02 13:47:11.098  INFO 1662 --- [main] o.s.w.s.handler.SimpleUrlHandlerMapping  : Mapped URL path [/**/favicon.ico] onto handler of type [class org.springframework.web.servlet.resource.ResourceHttpRequestHandler]
2017-04-02 13:47:11.914  INFO 1662 --- [main] o.s.j.e.a.AnnotationMBeanExporter        : Registering beans for JMX exposure on startup
2017-04-02 13:47:11.977  INFO 1662 --- [main] s.b.c.e.t.TomcatEmbeddedServletContainer : Tomcat started on port(s): 8080 (http)
2017-04-02 13:47:11.983  INFO 1662 --- [main] com.gazatem.ekip.Application             : Started Application in 9.204 seconds (JVM running for 9.9)
2017-04-02 13:47:13.859  INFO 1662 --- [http-nio-8080-exec-1] o.a.c.c.C.[Tomcat].[localhost].[/]       : Initializing Spring FrameworkServlet 'dispatcherServlet'
2017-04-02 13:47:13.859  INFO 1662 --- [http-nio-8080-exec-1] o.s.web.servlet.DispatcherServlet        : FrameworkServlet 'dispatcherServlet': initialization started
2017-04-02 13:47:13.878  INFO 1662 --- [http-nio-8080-exec-1] o.s.web.servlet.DispatcherServlet        : FrameworkServlet 'dispatcherServlet': initialization completed in 19 ms
2017-04-02 13:47:23.527  INFO 1662 --- [http-nio-8080-exec-7] c.g.ekip.controller.UserController       : This is a debug message
2017-04-02 13:47:23.550  INFO 1662 --- [http-nio-8080-exec-7] c.g.ekip.controller.UserController       : This is a error message
2017-04-02 13:47:45.198  INFO 1662 --- [Thread-3] ationConfigEmbeddedWebApplicationContext : Closing org.springframework.boot.context.embedded.AnnotationConfigEmbeddedWebApplicationContext@dd8ba08: startup date [Sun Apr 02 13:47:04 EEST 2017]; root of context hierarchy
2017-04-02 13:47:45.199  INFO 1662 --- [Thread-3] o.s.j.e.a.AnnotationMBeanExporter        : Unregistering JMX-exposed beans on shutdown
2017-04-02 13:47:45.201  INFO 1662 --- [Thread-3] j.LocalContainerEntityManagerFactoryBean : Closing JPA EntityManagerFactory for persistence unit 'default'
2017-04-02 13:47:48.208  INFO 1673 --- [main] com.gazatem.ekip.Application             : Starting Application on Z0M5Q-iMac.local with PID 1673 (/Users/kemal/Documents/JAVA/apps/ekip/target/classes started by kemal in /Users/kemal/Documents/JAVA/apps/ekip)
2017-04-02 13:47:48.211  INFO 1673 --- [main] com.gazatem.ekip.Application             : No active profile set, falling back to default profiles: default
2017-04-02 13:47:48.715  INFO 1673 --- [main] ationConfigEmbeddedWebApplicationContext : Refreshing org.springframework.boot.context.embedded.AnnotationConfigEmbeddedWebApplicationContext@dd8ba08: startup date [Sun Apr 02 13:47:48 EEST 2017]; root of context hierarchy
2017-04-02 13:47:50.164  INFO 1673 --- [main] trationDelegate$BeanPostProcessorChecker : Bean 'org.springframework.transaction.annotation.ProxyTransactionManagementConfiguration' of type [class org.springframework.transaction.annotation.ProxyTransactionManagementConfiguration$$EnhancerBySpringCGLIB$$1491cc9] is not eligible for getting processed by all BeanPostProcessors (for example: not eligible for auto-proxying)
2017-04-02 13:47:50.620  INFO 1673 --- [main] s.b.c.e.t.TomcatEmbeddedServletContainer : Tomcat initialized with port(s): 8080 (http)
2017-04-02 13:47:50.638  INFO 1673 --- [main] o.apache.catalina.core.StandardService   : Starting service Tomcat
2017-04-02 13:47:50.640  INFO 1673 --- [main] org.apache.catalina.core.StandardEngine  : Starting Servlet Engine: Apache Tomcat/8.5.6
2017-04-02 13:47:50.753  INFO 1673 --- [localhost-startStop-1] o.a.c.c.C.[Tomcat].[localhost].[/]       : Initializing Spring embedded WebApplicationContext
2017-04-02 13:47:50.753  INFO 1673 --- [localhost-startStop-1] o.s.web.context.ContextLoader            : Root WebApplicationContext: initialization completed in 2042 ms
2017-04-02 13:47:50.964  INFO 1673 --- [localhost-startStop-1] o.s.b.w.servlet.FilterRegistrationBean   : Mapping filter: 'characterEncodingFilter' to: [/*]
2017-04-02 13:47:50.965  INFO 1673 --- [localhost-startStop-1] o.s.b.w.servlet.FilterRegistrationBean   : Mapping filter: 'hiddenHttpMethodFilter' to: [/*]
2017-04-02 13:47:50.965  INFO 1673 --- [localhost-startStop-1] o.s.b.w.servlet.FilterRegistrationBean   : Mapping filter: 'httpPutFormContentFilter' to: [/*]
2017-04-02 13:47:50.965  INFO 1673 --- [localhost-startStop-1] o.s.b.w.servlet.FilterRegistrationBean   : Mapping filter: 'requestContextFilter' to: [/*]
2017-04-02 13:47:50.967  INFO 1673 --- [localhost-startStop-1] .s.DelegatingFilterProxyRegistrationBean : Mapping filter: 'springSecurityFilterChain' to: [/*]
2017-04-02 13:47:50.967  INFO 1673 --- [localhost-startStop-1] o.s.b.w.servlet.ServletRegistrationBean  : Mapping servlet: 'dispatcherServlet' to [/]
2017-04-02 13:47:51.246  INFO 1673 --- [main] j.LocalContainerEntityManagerFactoryBean : Building JPA container EntityManagerFactory for persistence unit 'default'
2017-04-02 13:47:53.202  INFO 1673 --- [main] j.LocalContainerEntityManagerFactoryBean : Initialized JPA EntityManagerFactory for persistence unit 'default'
2017-04-02 13:47:54.123  INFO 1673 --- [main] o.s.s.web.DefaultSecurityFilterChain     : Creating filter chain: Ant [pattern='/resources/**'], []
2017-04-02 13:47:54.124  INFO 1673 --- [main] o.s.s.web.DefaultSecurityFilterChain     : Creating filter chain: Ant [pattern='/static/**'], []
2017-04-02 13:47:54.124  INFO 1673 --- [main] o.s.s.web.DefaultSecurityFilterChain     : Creating filter chain: Ant [pattern='/vendors/**'], []
2017-04-02 13:47:54.124  INFO 1673 --- [main] o.s.s.web.DefaultSecurityFilterChain     : Creating filter chain: Ant [pattern='/css/**'], []
2017-04-02 13:47:54.125  INFO 1673 --- [main] o.s.s.web.DefaultSecurityFilterChain     : Creating filter chain: Ant [pattern='/js/**'], []
2017-04-02 13:47:54.125  INFO 1673 --- [main] o.s.s.web.DefaultSecurityFilterChain     : Creating filter chain: Ant [pattern='/images/**'], []
2017-04-02 13:47:54.208  INFO 1673 --- [main] o.s.s.web.DefaultSecurityFilterChain     : Creating filter chain: org.springframework.security.web.util.matcher.AnyRequestMatcher@1, [org.springframework.security.web.context.request.async.WebAsyncManagerIntegrationFilter@61554b6b, org.springframework.security.web.context.SecurityContextPersistenceFilter@9e50283, org.springframework.security.web.header.HeaderWriterFilter@6f7a20da, org.springframework.security.web.authentication.logout.LogoutFilter@2d07aacc, org.springframework.security.web.authentication.UsernamePasswordAuthenticationFilter@362a6aa5, org.springframework.security.web.savedrequest.RequestCacheAwareFilter@1c171746, org.springframework.security.web.servletapi.SecurityContextHolderAwareRequestFilter@685e6a68, org.springframework.security.web.authentication.AnonymousAuthenticationFilter@761f234c, org.springframework.security.web.session.SessionManagementFilter@77ba583, org.springframework.security.web.access.ExceptionTranslationFilter@6253e59a, org.springframework.security.web.access.intercept.FilterSecurityInterceptor@20890a1a]
2017-04-02 13:47:54.324  INFO 1673 --- [main] s.w.s.m.m.a.RequestMappingHandlerAdapter : Looking for @ControllerAdvice: org.springframework.boot.context.embedded.AnnotationConfigEmbeddedWebApplicationContext@dd8ba08: startup date [Sun Apr 02 13:47:48 EEST 2017]; root of context hierarchy
2017-04-02 13:47:54.416  INFO 1673 --- [main] s.w.s.m.m.a.RequestMappingHandlerMapping : Mapped "{[/admin/],methods=[GET]}" onto public org.springframework.web.servlet.ModelAndView com.gazatem.ekip.controller.AdminController.home()
2017-04-02 13:47:54.418  INFO 1673 --- [main] s.w.s.m.m.a.RequestMappingHandlerMapping : Mapped "{[/ || /login],methods=[GET]}" onto public org.springframework.web.servlet.ModelAndView com.gazatem.ekip.controller.LoginController.login()
2017-04-02 13:47:54.419  INFO 1673 --- [main] s.w.s.m.m.a.RequestMappingHandlerMapping : Mapped "{[/registration],methods=[POST]}" onto public org.springframework.web.servlet.ModelAndView com.gazatem.ekip.controller.LoginController.createNewUser(com.gazatem.ekip.model.User,org.springframework.validation.BindingResult)
2017-04-02 13:47:54.419  INFO 1673 --- [main] s.w.s.m.m.a.RequestMappingHandlerMapping : Mapped "{[/registration],methods=[GET]}" onto public org.springframework.web.servlet.ModelAndView com.gazatem.ekip.controller.LoginController.registration()
2017-04-02 13:47:54.420  INFO 1673 --- [main] s.w.s.m.m.a.RequestMappingHandlerMapping : Mapped "{[/admin/tasks/my-tasks],methods=[GET]}" onto public org.springframework.web.servlet.ModelAndView com.gazatem.ekip.controller.TaskController.index()
2017-04-02 13:47:54.421  INFO 1673 --- [main] s.w.s.m.m.a.RequestMappingHandlerMapping : Mapped "{[/admin/users/list],methods=[GET]}" onto public org.springframework.web.servlet.ModelAndView com.gazatem.ekip.controller.UserController.index()
2017-04-02 13:47:54.421  INFO 1673 --- [main] s.w.s.m.m.a.RequestMappingHandlerMapping : Mapped "{[/admin/users/create],methods=[GET]}" onto public org.springframework.web.servlet.ModelAndView com.gazatem.ekip.controller.UserController.create()
2017-04-02 13:47:54.421  INFO 1673 --- [main] s.w.s.m.m.a.RequestMappingHandlerMapping : Mapped "{[/admin/users/save],methods=[POST]}" onto public org.springframework.web.servlet.ModelAndView com.gazatem.ekip.controller.UserController.save(com.gazatem.ekip.model.User,org.springframework.validation.BindingResult)
2017-04-02 13:47:54.422  INFO 1673 --- [main] s.w.s.m.m.a.RequestMappingHandlerMapping : Mapped "{[/admin/users/teams],methods=[GET]}" onto public org.springframework.web.servlet.ModelAndView com.gazatem.ekip.controller.UserController.teams()
2017-04-02 13:47:54.426  INFO 1673 --- [main] s.w.s.m.m.a.RequestMappingHandlerMapping : Mapped "{[/error]}" onto public org.springframework.http.ResponseEntity<java.util.Map<java.lang.String, java.lang.Object>> org.springframework.boot.autoconfigure.web.BasicErrorController.error(javax.servlet.http.HttpServletRequest)
2017-04-02 13:47:54.427  INFO 1673 --- [main] s.w.s.m.m.a.RequestMappingHandlerMapping : Mapped "{[/error],produces=[text/html]}" onto public org.springframework.web.servlet.ModelAndView org.springframework.boot.autoconfigure.web.BasicErrorController.errorHtml(javax.servlet.http.HttpServletRequest,javax.servlet.http.HttpServletResponse)
2017-04-02 13:47:54.462  INFO 1673 --- [main] o.s.w.s.handler.SimpleUrlHandlerMapping  : Mapped URL path [/webjars/**] onto handler of type [class org.springframework.web.servlet.resource.ResourceHttpRequestHandler]
2017-04-02 13:47:54.463  INFO 1673 --- [main] o.s.w.s.handler.SimpleUrlHandlerMapping  : Mapped URL path [/**] onto handler of type [class org.springframework.web.servlet.resource.ResourceHttpRequestHandler]
2017-04-02 13:47:54.508  INFO 1673 --- [main] o.s.w.s.handler.SimpleUrlHandlerMapping  : Mapped URL path [/**/favicon.ico] onto handler of type [class org.springframework.web.servlet.resource.ResourceHttpRequestHandler]
2017-04-02 13:47:55.317  INFO 1673 --- [main] o.s.j.e.a.AnnotationMBeanExporter        : Registering beans for JMX exposure on startup
2017-04-02 13:47:55.381  INFO 1673 --- [main] s.b.c.e.t.TomcatEmbeddedServletContainer : Tomcat started on port(s): 8080 (http)
2017-04-02 13:47:55.388  INFO 1673 --- [main] com.gazatem.ekip.Application             : Started Application in 7.963 seconds (JVM running for 8.473)
2017-04-02 13:48:00.513  INFO 1673 --- [http-nio-8080-exec-1] o.a.c.c.C.[Tomcat].[localhost].[/]       : Initializing Spring FrameworkServlet 'dispatcherServlet'
2017-04-02 13:48:00.514  INFO 1673 --- [http-nio-8080-exec-1] o.s.web.servlet.DispatcherServlet        : FrameworkServlet 'dispatcherServlet': initialization started
2017-04-02 13:48:00.530  INFO 1673 --- [http-nio-8080-exec-1] o.s.web.servlet.DispatcherServlet        : FrameworkServlet 'dispatcherServlet': initialization completed in 16 ms
2017-04-02 13:48:07.391  INFO 1673 --- [http-nio-8080-exec-7] c.g.ekip.controller.UserController       : This is a debug message
2017-04-02 13:48:07.428  INFO 1673 --- [http-nio-8080-exec-7] c.g.ekip.controller.UserController       : This is a error message
2017-04-02 13:48:07.430 ERROR 1673 --- [http-nio-8080-exec-7] org.thymeleaf.TemplateEngine             : [THYMELEAF][http-nio-8080-exec-7] Exception processing template "admin/users/createorg.springframework.validation.BeanPropertyBindingResult: 1 errors
Field error in object 'user' on field 'password': rejected value [null]; codes [NotEmpty.user.password,NotEmpty.password,NotEmpty.java.lang.String,NotEmpty]; arguments [org.springframework.context.support.DefaultMessageSourceResolvable: codes [user.password,password]; arguments []; default message [password]]; default message [*Please provide your password]": Error resolving template "admin/users/createorg.springframework.validation.BeanPropertyBindingResult: 1 errors
Field error in object 'user' on field 'password': rejected value [null]; codes [NotEmpty.user.password,NotEmpty.password,NotEmpty.java.lang.String,NotEmpty]; arguments [org.springframework.context.support.DefaultMessageSourceResolvable: codes [user.password,password]; arguments []; default message [password]]; default message [*Please provide your password]", template might not exist or might not be accessible by any of the configured Template Resolvers
2017-04-02 13:48:07.439 ERROR 1673 --- [http-nio-8080-exec-7] o.a.c.c.C.[.[.[/].[dispatcherServlet]    : Servlet.service() for servlet [dispatcherServlet] in context with path [] threw exception [Request processing failed; nested exception is org.thymeleaf.exceptions.TemplateInputException: Error resolving template "admin/users/createorg.springframework.validation.BeanPropertyBindingResult: 1 errors
Field error in object 'user' on field 'password': rejected value [null]; codes [NotEmpty.user.password,NotEmpty.password,NotEmpty.java.lang.String,NotEmpty]; arguments [org.springframework.context.support.DefaultMessageSourceResolvable: codes [user.password,password]; arguments []; default message [password]]; default message [*Please provide your password]", template might not exist or might not be accessible by any of the configured Template Resolvers] with root cause

org.thymeleaf.exceptions.TemplateInputException: Error resolving template "admin/users/createorg.springframework.validation.BeanPropertyBindingResult: 1 errors
Field error in object 'user' on field 'password': rejected value [null]; codes [NotEmpty.user.password,NotEmpty.password,NotEmpty.java.lang.String,NotEmpty]; arguments [org.springframework.context.support.DefaultMessageSourceResolvable: codes [user.password,password]; arguments []; default message [password]]; default message [*Please provide your password]", template might not exist or might not be accessible by any of the configured Template Resolvers
	at org.thymeleaf.TemplateRepository.getTemplate(TemplateRepository.java:246) ~[thymeleaf-2.1.5.RELEASE.jar:2.1.5.RELEASE]
	at org.thymeleaf.TemplateEngine.process(TemplateEngine.java:1104) ~[thymeleaf-2.1.5.RELEASE.jar:2.1.5.RELEASE]
	at org.thymeleaf.TemplateEngine.process(TemplateEngine.java:1060) ~[thymeleaf-2.1.5.RELEASE.jar:2.1.5.RELEASE]
	at org.thymeleaf.TemplateEngine.process(TemplateEngine.java:1011) ~[thymeleaf-2.1.5.RELEASE.jar:2.1.5.RELEASE]
	at org.thymeleaf.spring4.view.ThymeleafView.renderFragment(ThymeleafView.java:335) ~[thymeleaf-spring4-2.1.5.RELEASE.jar:2.1.5.RELEASE]
	at org.thymeleaf.spring4.view.ThymeleafView.render(ThymeleafView.java:190) ~[thymeleaf-spring4-2.1.5.RELEASE.jar:2.1.5.RELEASE]
	at org.springframework.web.servlet.DispatcherServlet.render(DispatcherServlet.java:1257) ~[spring-webmvc-4.3.4.RELEASE.jar:4.3.4.RELEASE]
	at org.springframework.web.servlet.DispatcherServlet.processDispatchResult(DispatcherServlet.java:1037) ~[spring-webmvc-4.3.4.RELEASE.jar:4.3.4.RELEASE]
	at org.springframework.web.servlet.DispatcherServlet.doDispatch(DispatcherServlet.java:980) ~[spring-webmvc-4.3.4.RELEASE.jar:4.3.4.RELEASE]
	at org.springframework.web.servlet.DispatcherServlet.doService(DispatcherServlet.java:897) ~[spring-webmvc-4.3.4.RELEASE.jar:4.3.4.RELEASE]
	at org.springframework.web.servlet.FrameworkServlet.processRequest(FrameworkServlet.java:970) ~[spring-webmvc-4.3.4.RELEASE.jar:4.3.4.RELEASE]
	at org.springframework.web.servlet.FrameworkServlet.doPost(FrameworkServlet.java:872) ~[spring-webmvc-4.3.4.RELEASE.jar:4.3.4.RELEASE]
	at javax.servlet.http.HttpServlet.service(HttpServlet.java:648) ~[tomcat-embed-core-8.5.6.jar:8.5.6]
	at org.springframework.web.servlet.FrameworkServlet.service(FrameworkServlet.java:846) ~[spring-webmvc-4.3.4.RELEASE.jar:4.3.4.RELEASE]
	at javax.servlet.http.HttpServlet.service(HttpServlet.java:729) ~[tomcat-embed-core-8.5.6.jar:8.5.6]
	at org.apache.catalina.core.ApplicationFilterChain.internalDoFilter(ApplicationFilterChain.java:230) ~[tomcat-embed-core-8.5.6.jar:8.5.6]
	at org.apache.catalina.core.ApplicationFilterChain.doFilter(ApplicationFilterChain.java:165) ~[tomcat-embed-core-8.5.6.jar:8.5.6]
	at org.apache.tomcat.websocket.server.WsFilter.doFilter(WsFilter.java:52) ~[tomcat-embed-websocket-8.5.6.jar:8.5.6]
	at org.apache.catalina.core.ApplicationFilterChain.internalDoFilter(ApplicationFilterChain.java:192) ~[tomcat-embed-core-8.5.6.jar:8.5.6]
	at org.apache.catalina.core.ApplicationFilterChain.doFilter(ApplicationFilterChain.java:165) ~[tomcat-embed-core-8.5.6.jar:8.5.6]
	at org.springframework.security.web.FilterChainProxy$VirtualFilterChain.doFilter(FilterChainProxy.java:317) ~[spring-security-web-4.1.3.RELEASE.jar:4.1.3.RELEASE]
	at org.springframework.security.web.access.intercept.FilterSecurityInterceptor.invoke(FilterSecurityInterceptor.java:127) ~[spring-security-web-4.1.3.RELEASE.jar:4.1.3.RELEASE]
	at org.springframework.security.web.access.intercept.FilterSecurityInterceptor.doFilter(FilterSecurityInterceptor.java:91) ~[spring-security-web-4.1.3.RELEASE.jar:4.1.3.RELEASE]
	at org.springframework.security.web.FilterChainProxy$VirtualFilterChain.doFilter(FilterChainProxy.java:331) ~[spring-security-web-4.1.3.RELEASE.jar:4.1.3.RELEASE]
	at org.springframework.security.web.access.ExceptionTranslationFilter.doFilter(ExceptionTranslationFilter.java:115) ~[spring-security-web-4.1.3.RELEASE.jar:4.1.3.RELEASE]
	at org.springframework.security.web.FilterChainProxy$VirtualFilterChain.doFilter(FilterChainProxy.java:331) ~[spring-security-web-4.1.3.RELEASE.jar:4.1.3.RELEASE]
	at org.springframework.security.web.session.SessionManagementFilter.doFilter(SessionManagementFilter.java:137) ~[spring-security-web-4.1.3.RELEASE.jar:4.1.3.RELEASE]
	at org.springframework.security.web.FilterChainProxy$VirtualFilterChain.doFilter(FilterChainProxy.java:331) ~[spring-security-web-4.1.3.RELEASE.jar:4.1.3.RELEASE]
	at org.springframework.security.web.authentication.AnonymousAuthenticationFilter.doFilter(AnonymousAuthenticationFilter.java:111) ~[spring-security-web-4.1.3.RELEASE.jar:4.1.3.RELEASE]
	at org.springframework.security.web.FilterChainProxy$VirtualFilterChain.doFilter(FilterChainProxy.java:331) ~[spring-security-web-4.1.3.RELEASE.jar:4.1.3.RELEASE]
	at org.springframework.security.web.servletapi.SecurityContextHolderAwareRequestFilter.doFilter(SecurityContextHolderAwareRequestFilter.java:169) ~[spring-security-web-4.1.3.RELEASE.jar:4.1.3.RELEASE]
	at org.springframework.security.web.FilterChainProxy$VirtualFilterChain.doFilter(FilterChainProxy.java:331) ~[spring-security-web-4.1.3.RELEASE.jar:4.1.3.RELEASE]
	at org.springframework.security.web.savedrequest.RequestCacheAwareFilter.doFilter(RequestCacheAwareFilter.java:63) ~[spring-security-web-4.1.3.RELEASE.jar:4.1.3.RELEASE]
	at org.springframework.security.web.FilterChainProxy$VirtualFilterChain.doFilter(FilterChainProxy.java:331) ~[spring-security-web-4.1.3.RELEASE.jar:4.1.3.RELEASE]
	at org.springframework.security.web.authentication.AbstractAuthenticationProcessingFilter.doFilter(AbstractAuthenticationProcessingFilter.java:200) ~[spring-security-web-4.1.3.RELEASE.jar:4.1.3.RELEASE]
	at org.springframework.security.web.FilterChainProxy$VirtualFilterChain.doFilter(FilterChainProxy.java:331) ~[spring-security-web-4.1.3.RELEASE.jar:4.1.3.RELEASE]
	at org.springframework.security.web.authentication.logout.LogoutFilter.doFilter(LogoutFilter.java:121) ~[spring-security-web-4.1.3.RELEASE.jar:4.1.3.RELEASE]
	at org.springframework.security.web.FilterChainProxy$VirtualFilterChain.doFilter(FilterChainProxy.java:331) ~[spring-security-web-4.1.3.RELEASE.jar:4.1.3.RELEASE]
	at org.springframework.security.web.header.HeaderWriterFilter.doFilterInternal(HeaderWriterFilter.java:66) ~[spring-security-web-4.1.3.RELEASE.jar:4.1.3.RELEASE]
	at org.springframework.web.filter.OncePerRequestFilter.doFilter(OncePerRequestFilter.java:107) ~[spring-web-4.3.4.RELEASE.jar:4.3.4.RELEASE]
	at org.springframework.security.web.FilterChainProxy$VirtualFilterChain.doFilter(FilterChainProxy.java:331) ~[spring-security-web-4.1.3.RELEASE.jar:4.1.3.RELEASE]
	at org.springframework.security.web.context.SecurityContextPersistenceFilter.doFilter(SecurityContextPersistenceFilter.java:105) ~[spring-security-web-4.1.3.RELEASE.jar:4.1.3.RELEASE]
	at org.springframework.security.web.FilterChainProxy$VirtualFilterChain.doFilter(FilterChainProxy.java:331) ~[spring-security-web-4.1.3.RELEASE.jar:4.1.3.RELEASE]
	at org.springframework.security.web.context.request.async.WebAsyncManagerIntegrationFilter.doFilterInternal(WebAsyncManagerIntegrationFilter.java:56) ~[spring-security-web-4.1.3.RELEASE.jar:4.1.3.RELEASE]
	at org.springframework.web.filter.OncePerRequestFilter.doFilter(OncePerRequestFilter.java:107) ~[spring-web-4.3.4.RELEASE.jar:4.3.4.RELEASE]
	at org.springframework.security.web.FilterChainProxy$VirtualFilterChain.doFilter(FilterChainProxy.java:331) ~[spring-security-web-4.1.3.RELEASE.jar:4.1.3.RELEASE]
	at org.springframework.security.web.FilterChainProxy.doFilterInternal(FilterChainProxy.java:214) ~[spring-security-web-4.1.3.RELEASE.jar:4.1.3.RELEASE]
	at org.springframework.security.web.FilterChainProxy.doFilter(FilterChainProxy.java:177) ~[spring-security-web-4.1.3.RELEASE.jar:4.1.3.RELEASE]
	at org.springframework.web.filter.DelegatingFilterProxy.invokeDelegate(DelegatingFilterProxy.java:346) ~[spring-web-4.3.4.RELEASE.jar:4.3.4.RELEASE]
	at org.springframework.web.filter.DelegatingFilterProxy.doFilter(DelegatingFilterProxy.java:262) ~[spring-web-4.3.4.RELEASE.jar:4.3.4.RELEASE]
	at org.apache.catalina.core.ApplicationFilterChain.internalDoFilter(ApplicationFilterChain.java:192) ~[tomcat-embed-core-8.5.6.jar:8.5.6]
	at org.apache.catalina.core.ApplicationFilterChain.doFilter(ApplicationFilterChain.java:165) ~[tomcat-embed-core-8.5.6.jar:8.5.6]
	at org.springframework.web.filter.RequestContextFilter.doFilterInternal(RequestContextFilter.java:99) ~[spring-web-4.3.4.RELEASE.jar:4.3.4.RELEASE]
	at org.springframework.web.filter.OncePerRequestFilter.doFilter(OncePerRequestFilter.java:107) ~[spring-web-4.3.4.RELEASE.jar:4.3.4.RELEASE]
	at org.apache.catalina.core.ApplicationFilterChain.internalDoFilter(ApplicationFilterChain.java:192) ~[tomcat-embed-core-8.5.6.jar:8.5.6]
	at org.apache.catalina.core.ApplicationFilterChain.doFilter(ApplicationFilterChain.java:165) ~[tomcat-embed-core-8.5.6.jar:8.5.6]
	at org.springframework.web.filter.HttpPutFormContentFilter.doFilterInternal(HttpPutFormContentFilter.java:89) ~[spring-web-4.3.4.RELEASE.jar:4.3.4.RELEASE]
	at org.springframework.web.filter.OncePerRequestFilter.doFilter(OncePerRequestFilter.java:107) ~[spring-web-4.3.4.RELEASE.jar:4.3.4.RELEASE]
	at org.apache.catalina.core.ApplicationFilterChain.internalDoFilter(ApplicationFilterChain.java:192) ~[tomcat-embed-core-8.5.6.jar:8.5.6]
	at org.apache.catalina.core.ApplicationFilterChain.doFilter(ApplicationFilterChain.java:165) ~[tomcat-embed-core-8.5.6.jar:8.5.6]
	at org.springframework.web.filter.HiddenHttpMethodFilter.doFilterInternal(HiddenHttpMethodFilter.java:77) ~[spring-web-4.3.4.RELEASE.jar:4.3.4.RELEASE]
	at org.springframework.web.filter.OncePerRequestFilter.doFilter(OncePerRequestFilter.java:107) ~[spring-web-4.3.4.RELEASE.jar:4.3.4.RELEASE]
	at org.apache.catalina.core.ApplicationFilterChain.internalDoFilter(ApplicationFilterChain.java:192) ~[tomcat-embed-core-8.5.6.jar:8.5.6]
	at org.apache.catalina.core.ApplicationFilterChain.doFilter(ApplicationFilterChain.java:165) ~[tomcat-embed-core-8.5.6.jar:8.5.6]
	at org.springframework.web.filter.CharacterEncodingFilter.doFilterInternal(CharacterEncodingFilter.java:197) ~[spring-web-4.3.4.RELEASE.jar:4.3.4.RELEASE]
	at org.springframework.web.filter.OncePerRequestFilter.doFilter(OncePerRequestFilter.java:107) ~[spring-web-4.3.4.RELEASE.jar:4.3.4.RELEASE]
	at org.apache.catalina.core.ApplicationFilterChain.internalDoFilter(ApplicationFilterChain.java:192) ~[tomcat-embed-core-8.5.6.jar:8.5.6]
	at org.apache.catalina.core.ApplicationFilterChain.doFilter(ApplicationFilterChain.java:165) ~[tomcat-embed-core-8.5.6.jar:8.5.6]
	at org.apache.catalina.core.StandardWrapperValve.invoke(StandardWrapperValve.java:198) ~[tomcat-embed-core-8.5.6.jar:8.5.6]
	at org.apache.catalina.core.StandardContextValve.invoke(StandardContextValve.java:108) [tomcat-embed-core-8.5.6.jar:8.5.6]
	at org.apache.catalina.authenticator.AuthenticatorBase.invoke(AuthenticatorBase.java:472) [tomcat-embed-core-8.5.6.jar:8.5.6]
	at org.apache.catalina.core.StandardHostValve.invoke(StandardHostValve.java:140) [tomcat-embed-core-8.5.6.jar:8.5.6]
	at org.apache.catalina.valves.ErrorReportValve.invoke(ErrorReportValve.java:79) [tomcat-embed-core-8.5.6.jar:8.5.6]
	at org.apache.catalina.core.StandardEngineValve.invoke(StandardEngineValve.java:87) [tomcat-embed-core-8.5.6.jar:8.5.6]
	at org.apache.catalina.connector.CoyoteAdapter.service(CoyoteAdapter.java:349) [tomcat-embed-core-8.5.6.jar:8.5.6]
	at org.apache.coyote.http11.Http11Processor.service(Http11Processor.java:784) [tomcat-embed-core-8.5.6.jar:8.5.6]
	at org.apache.coyote.AbstractProcessorLight.process(AbstractProcessorLight.java:66) [tomcat-embed-core-8.5.6.jar:8.5.6]
	at org.apache.coyote.AbstractProtocol$ConnectionHandler.process(AbstractProtocol.java:802) [tomcat-embed-core-8.5.6.jar:8.5.6]
	at org.apache.tomcat.util.net.NioEndpoint$SocketProcessor.doRun(NioEndpoint.java:1410) [tomcat-embed-core-8.5.6.jar:8.5.6]
	at org.apache.tomcat.util.net.SocketProcessorBase.run(SocketProcessorBase.java:49) [tomcat-embed-core-8.5.6.jar:8.5.6]
	at java.util.concurrent.ThreadPoolExecutor.runWorker(ThreadPoolExecutor.java:1142) [na:1.8.0_45]
	at java.util.concurrent.ThreadPoolExecutor$Worker.run(ThreadPoolExecutor.java:617) [na:1.8.0_45]
	at org.apache.tomcat.util.threads.TaskThread$WrappingRunnable.run(TaskThread.java:61) [tomcat-embed-core-8.5.6.jar:8.5.6]
	at java.lang.Thread.run(Thread.java:745) [na:1.8.0_45]

